<?xml version="1.0" encoding="UTF-8"?>
<coverage generated="1522113155514" clover="3.2.0">
  <project timestamp="1522113155514" name="All files">
    <metrics statements="35" coveredstatements="35" conditionals="22" coveredconditionals="20" methods="9" coveredmethods="9" elements="66" coveredelements="64" complexity="0" loc="35" ncloc="35" packages="1" files="3" classes="3">
      <file name="AuthHandler.ts" path="C:\Users\Jacob Ebey\Documents\git\typescript-rest-jwt\src\AuthHandler.ts">
        <metrics statements="27" coveredstatements="27" conditionals="22" coveredconditionals="20" methods="7" coveredmethods="7"/>
        <line num="2" count="2" type="stmt"/>
        <line num="9" count="2" type="stmt"/>
        <line num="10" count="2" type="stmt"/>
        <line num="12" count="2" type="stmt"/>
        <line num="13" count="5" type="cond" truecount="2" falsecount="0"/>
        <line num="14" count="5" type="cond" truecount="2" falsecount="0"/>
        <line num="16" count="5" type="cond" truecount="2" falsecount="0"/>
        <line num="17" count="1" type="stmt"/>
        <line num="19" count="1" type="stmt"/>
        <line num="20" count="3" type="cond" truecount="4" falsecount="0"/>
        <line num="21" count="2" type="stmt"/>
        <line num="25" count="1" type="stmt"/>
        <line num="28" count="4" type="stmt"/>
        <line num="29" count="4" type="stmt"/>
        <line num="32" count="8" type="stmt"/>
        <line num="36" count="7" type="cond" truecount="4" falsecount="0"/>
        <line num="37" count="3" type="stmt"/>
        <line num="38" count="4" type="cond" truecount="4" falsecount="0"/>
        <line num="39" count="1" type="stmt"/>
        <line num="42" count="3" type="stmt"/>
        <line num="46" count="2" type="stmt"/>
        <line num="47" count="1" type="stmt"/>
        <line num="51" count="1" type="stmt"/>
        <line num="52" count="2" type="stmt"/>
        <line num="53" count="4" type="cond" truecount="1" falsecount="1"/>
        <line num="54" count="4" type="stmt"/>
        <line num="59" count="2" type="stmt"/>
      </file>
      <file name="decorators.ts" path="C:\Users\Jacob Ebey\Documents\git\typescript-rest-jwt\src\decorators.ts">
        <metrics statements="6" coveredstatements="6" conditionals="0" coveredconditionals="0" methods="2" coveredmethods="2"/>
        <line num="1" count="2" type="stmt"/>
        <line num="2" count="2" type="stmt"/>
        <line num="11" count="2" type="stmt"/>
        <line num="13" count="5" type="stmt"/>
        <line num="14" count="5" type="stmt"/>
        <line num="16" count="5" type="stmt"/>
      </file>
      <file name="index.ts" path="C:\Users\Jacob Ebey\Documents\git\typescript-rest-jwt\src\index.ts">
        <metrics statements="2" coveredstatements="2" conditionals="0" coveredconditionals="0" methods="0" coveredmethods="0"/>
        <line num="1" count="2" type="stmt"/>
        <line num="2" count="2" type="stmt"/>
      </file>
    </metrics>
  </project>
</coverage>
