{"C:\\Users\\Jacob Ebey\\Documents\\git\\typescript-rest-jwt\\src\\AuthHandler.ts": {"path":"C:\\Users\\Jacob Ebey\\Documents\\git\\typescript-rest-jwt\\src\\AuthHandler.ts","statementMap":{"0":{"start":{"line":2,"column":0},"end":{"line":2,"column":40}},"1":{"start":{"line":9,"column":0},"end":{"line":59,"column":0}},"2":{"start":{"line":12,"column":16},"end":{"line":30,"column":3}},"3":{"start":{"line":13,"column":22},"end":{"line":13,"column":60}},"4":{"start":{"line":14,"column":26},"end":{"line":14,"column":64}},"5":{"start":{"line":16,"column":4},"end":{"line":26,"column":5}},"6":{"start":{"line":17,"column":20},"end":{"line":17,"column":64}},"7":{"start":{"line":19,"column":6},"end":{"line":23,"column":8}},"8":{"start":{"line":20,"column":8},"end":{"line":22,"column":9}},"9":{"start":{"line":21,"column":10},"end":{"line":21,"column":41}},"10":{"start":{"line":25,"column":6},"end":{"line":25,"column":12}},"11":{"start":{"line":28,"column":4},"end":{"line":28,"column":29}},"12":{"start":{"line":29,"column":4},"end":{"line":29,"column":43}},"13":{"start":{"line":46,"column":16},"end":{"line":58,"column":3}},"14":{"start":{"line":47,"column":16},"end":{"line":49,"column":15}},"15":{"start":{"line":51,"column":4},"end":{"line":57,"column":6}},"16":{"start":{"line":52,"column":6},"end":{"line":56,"column":7}},"17":{"start":{"line":53,"column":8},"end":{"line":55,"column":9}},"18":{"start":{"line":54,"column":10},"end":{"line":54,"column":48}},"19":{"start":{"line":10,"column":17},"end":{"line":10,"column":71}},"20":{"start":{"line":32,"column":25},"end":{"line":44,"column":4}},"21":{"start":{"line":32,"column":91},"end":{"line":44,"column":4}},"22":{"start":{"line":36,"column":6},"end":{"line":40,"column":7}},"23":{"start":{"line":37,"column":8},"end":{"line":37,"column":66}},"24":{"start":{"line":38,"column":13},"end":{"line":40,"column":7}},"25":{"start":{"line":39,"column":8},"end":{"line":39,"column":30}},"26":{"start":{"line":42,"column":6},"end":{"line":42,"column":22}},"27":{"start":{"line":59,"column":0},"end":{"line":59,"column":1}},"28":{"start":{"line":9,"column":13},"end":{"line":9,"column":24}}},"fnMap":{"0":{"name":"(anonymous_0)","decl":{"start":{"line":9,"column":0},"end":{"line":null,"column":-1}},"loc":{"start":{"line":9,"column":0},"end":{"line":9,"column":-1}}},"1":{"name":"(anonymous_2)","decl":{"start":{"line":12,"column":2},"end":{"line":12,"column":24}},"loc":{"start":{"line":12,"column":75},"end":{"line":30,"column":3}}},"2":{"name":"(anonymous_3)","decl":{"start":{"line":19,"column":20},"end":{"line":19,"column":20}},"loc":{"start":{"line":19,"column":30},"end":{"line":23,"column":7}}},"3":{"name":"(anonymous_4)","decl":{"start":{"line":46,"column":2},"end":{"line":46,"column":26}},"loc":{"start":{"line":46,"column":81},"end":{"line":58,"column":3}}},"4":{"name":"(anonymous_5)","decl":{"start":{"line":51,"column":30},"end":{"line":51,"column":30}},"loc":{"start":{"line":51,"column":44},"end":{"line":57,"column":5}}},"5":{"name":"(anonymous_6)","decl":{"start":{"line":32,"column":51},"end":{"line":32,"column":51}},"loc":{"start":{"line":32,"column":66},"end":{"line":44,"column":4}}},"6":{"name":"(anonymous_7)","decl":{"start":{"line":35,"column":14},"end":{"line":35,"column":14}},"loc":{"start":{"line":35,"column":27},"end":{"line":43,"column":5}}}},"branchMap":{"0":{"loc":{"start":{"line":13,"column":22},"end":{"line":13,"column":33}},"type":"binary-expr","locations":[{"start":{"line":13,"column":22},"end":{"line":13,"column":33}},{"start":{"line":13,"column":37},"end":{"line":13,"column":60}}]},"1":{"loc":{"start":{"line":14,"column":26},"end":{"line":14,"column":58}},"type":"binary-expr","locations":[{"start":{"line":14,"column":26},"end":{"line":14,"column":58}},{"start":{"line":14,"column":62},"end":{"line":14,"column":64}}]},"2":{"loc":{"start":{"line":16,"column":4},"end":{"line":26,"column":5}},"type":"if","locations":[{"start":{"line":16,"column":4},"end":{"line":26,"column":5}},{"start":{"line":16,"column":4},"end":{"line":26,"column":5}}]},"3":{"loc":{"start":{"line":20,"column":8},"end":{"line":22,"column":9}},"type":"if","locations":[{"start":{"line":20,"column":8},"end":{"line":22,"column":9}},{"start":{"line":20,"column":8},"end":{"line":22,"column":9}}]},"4":{"loc":{"start":{"line":20,"column":12},"end":{"line":20,"column":31}},"type":"binary-expr","locations":[{"start":{"line":20,"column":12},"end":{"line":20,"column":31}},{"start":{"line":20,"column":35},"end":{"line":20,"column":45}}]},"5":{"loc":{"start":{"line":48,"column":8},"end":{"line":48,"column":52}},"type":"cond-expr","locations":[{"start":{"line":48,"column":8},"end":{"line":48,"column":52}},{"start":{"line":49,"column":8},"end":{"line":49,"column":15}}]},"6":{"loc":{"start":{"line":53,"column":8},"end":{"line":55,"column":9}},"type":"if","locations":[{"start":{"line":53,"column":8},"end":{"line":55,"column":9}},{"start":{"line":53,"column":8},"end":{"line":55,"column":9}}]},"7":{"loc":{"start":{"line":36,"column":6},"end":{"line":40,"column":7}},"type":"if","locations":[{"start":{"line":36,"column":6},"end":{"line":40,"column":7}},{"start":{"line":36,"column":6},"end":{"line":40,"column":7}}]},"8":{"loc":{"start":{"line":36,"column":10},"end":{"line":36,"column":35}},"type":"binary-expr","locations":[{"start":{"line":36,"column":10},"end":{"line":36,"column":35}},{"start":{"line":36,"column":40},"end":{"line":36,"column":103}}]},"9":{"loc":{"start":{"line":38,"column":13},"end":{"line":40,"column":7}},"type":"if","locations":[{"start":{"line":38,"column":13},"end":{"line":40,"column":7}},{"start":{"line":38,"column":13},"end":{"line":40,"column":7}}]},"10":{"loc":{"start":{"line":38,"column":17},"end":{"line":38,"column":26}},"type":"binary-expr","locations":[{"start":{"line":38,"column":17},"end":{"line":38,"column":26}},{"start":{"line":38,"column":30},"end":{"line":38,"column":45}}]}},"s":{"0":2,"1":2,"2":2,"3":5,"4":5,"5":5,"6":1,"7":1,"8":3,"9":2,"10":1,"11":4,"12":4,"13":2,"14":1,"15":1,"16":2,"17":4,"18":4,"19":2,"20":2,"21":8,"22":7,"23":3,"24":4,"25":1,"26":3,"27":2,"28":2},"f":{"0":2,"1":5,"2":3,"3":1,"4":2,"5":8,"6":7},"b":{"0":[5,4],"1":[5,2],"2":[1,4],"3":[2,1],"4":[3,2],"5":[1,0],"6":[4,0],"7":[3,4],"8":[7,3],"9":[1,3],"10":[4,2]}}
,"C:\\Users\\Jacob Ebey\\Documents\\git\\typescript-rest-jwt\\src\\decorators.ts": {"path":"C:\\Users\\Jacob Ebey\\Documents\\git\\typescript-rest-jwt\\src\\decorators.ts","statementMap":{"0":{"start":{"line":1,"column":0},"end":{"line":1,"column":37}},"1":{"start":{"line":2,"column":0},"end":{"line":2,"column":42}},"2":{"start":{"line":13,"column":2},"end":{"line":17,"column":3}},"3":{"start":{"line":14,"column":4},"end":{"line":14,"column":50}},"4":{"start":{"line":16,"column":4},"end":{"line":16,"column":47}},"5":{"start":{"line":11,"column":0},"end":{"line":18,"column":1}}},"fnMap":{"0":{"name":"AuthPath","decl":{"start":{"line":11,"column":0},"end":{"line":11,"column":25}},"loc":{"start":{"line":11,"column":38},"end":{"line":18,"column":1}}},"1":{"name":"(anonymous_1)","decl":{"start":{"line":13,"column":9},"end":{"line":13,"column":18}},"loc":{"start":{"line":13,"column":95},"end":{"line":17,"column":3}}}},"branchMap":{},"s":{"0":2,"1":2,"2":5,"3":5,"4":5,"5":2},"f":{"0":5,"1":5},"b":{}}
,"C:\\Users\\Jacob Ebey\\Documents\\git\\typescript-rest-jwt\\src\\index.ts": {"path":"C:\\Users\\Jacob Ebey\\Documents\\git\\typescript-rest-jwt\\src\\index.ts","statementMap":{"0":{"start":{"line":1,"column":0},"end":{"line":1,"column":29}},"1":{"start":{"line":2,"column":0},"end":{"line":2,"column":28}}},"fnMap":{},"branchMap":{},"s":{"0":2,"1":2},"f":{},"b":{}}
}
