TN:
SF:C:\Users\Jacob Ebey\Documents\git\typescript-rest-jwt\src\AuthHandler.ts
FN:9,(anonymous_0)
FN:12,(anonymous_2)
FN:19,(anonymous_3)
FN:46,(anonymous_4)
FN:51,(anonymous_5)
FN:32,(anonymous_6)
FN:35,(anonymous_7)
FNF:7
FNH:7
FNDA:2,(anonymous_0)
FNDA:5,(anonymous_2)
FNDA:3,(anonymous_3)
FNDA:1,(anonymous_4)
FNDA:2,(anonymous_5)
FNDA:8,(anonymous_6)
FNDA:7,(anonymous_7)
DA:2,2
DA:9,2
DA:10,2
DA:12,2
DA:13,5
DA:14,5
DA:16,5
DA:17,1
DA:19,1
DA:20,3
DA:21,2
DA:25,1
DA:28,4
DA:29,4
DA:32,8
DA:36,7
DA:37,3
DA:38,4
DA:39,1
DA:42,3
DA:46,2
DA:47,1
DA:51,1
DA:52,2
DA:53,4
DA:54,4
DA:59,2
LF:27
LH:27
BRDA:13,0,0,5
BRDA:13,0,1,4
BRDA:14,1,0,5
BRDA:14,1,1,2
BRDA:16,2,0,1
BRDA:16,2,1,4
BRDA:20,3,0,2
BRDA:20,3,1,1
BRDA:20,4,0,3
BRDA:20,4,1,2
BRDA:48,5,0,1
BRDA:48,5,1,0
BRDA:53,6,0,4
BRDA:53,6,1,0
BRDA:36,7,0,3
BRDA:36,7,1,4
BRDA:36,8,0,7
BRDA:36,8,1,3
BRDA:38,9,0,1
BRDA:38,9,1,3
BRDA:38,10,0,4
BRDA:38,10,1,2
BRF:22
BRH:20
end_of_record
TN:
SF:C:\Users\Jacob Ebey\Documents\git\typescript-rest-jwt\src\decorators.ts
FN:11,AuthPath
FN:13,(anonymous_1)
FNF:2
FNH:2
FNDA:5,AuthPath
FNDA:5,(anonymous_1)
DA:1,2
DA:2,2
DA:11,2
DA:13,5
DA:14,5
DA:16,5
LF:6
LH:6
BRF:0
BRH:0
end_of_record
TN:
SF:C:\Users\Jacob Ebey\Documents\git\typescript-rest-jwt\src\index.ts
FNF:0
FNH:0
DA:1,2
DA:2,2
LF:2
LH:2
BRF:0
BRH:0
end_of_record
